# JRE version: OpenJDK Runtime Environment Temurin-11.0.17+8 (11.0.17+8) (build 11.0.17+8)
# Java VM: OpenJDK 64-Bit Server VM Temurin-11.0.17+8 (11.0.17+8, mixed mode, tiered, compressed oops, g1 gc, linux-amd64)
Heap:
 garbage-first heap   total 293888K, used 141650K [0x00000000c0000000, 0x0000000100000000)
  region size 1024K, 110 young (112640K), 19 survivors (19456K)
 Metaspace       used 70838K, capacity 76570K, committed 76804K, reserved 1116160K
  class space    used 8152K, capacity 10052K, committed 10092K, reserved 1048576K
GC Heap History (18 events):
Event: 0.378 GC heap before
{Heap before GC invocations=0 (full 0):
 garbage-first heap   total 262144K, used 23552K [0x00000000c0000000, 0x0000000100000000)
  region size 1024K, 24 young (24576K), 0 survivors (0K)
 Metaspace       used 12602K, capacity 12826K, committed 13056K, reserved 1060864K
  class space    used 1117K, capacity 1187K, committed 1280K, reserved 1048576K
}
Event: 0.384 GC heap after
{Heap after GC invocations=1 (full 0):
 garbage-first heap   total 262144K, used 8008K [0x00000000c0000000, 0x0000000100000000)
  region size 1024K, 3 young (3072K), 3 survivors (3072K)
 Metaspace       used 12602K, capacity 12826K, committed 13056K, reserved 1060864K
  class space    used 1117K, capacity 1187K, committed 1280K, reserved 1048576K
}
Event: 0.625 GC heap before
{Heap before GC invocations=1 (full 0):
 garbage-first heap   total 262144K, used 61256K [0x00000000c0000000, 0x0000000100000000)
  region size 1024K, 55 young (56320K), 3 survivors (3072K)
 Metaspace       used 13968K, capacity 14206K, committed 14464K, reserved 1062912K
  class space    used 1234K, capacity 1302K, committed 1408K, reserved 1048576K
}
Event: 0.636 GC heap after
{Heap after GC invocations=2 (full 0):
 garbage-first heap   total 262144K, used 25504K [0x00000000c0000000, 0x0000000100000000)
  region size 1024K, 7 young (7168K), 7 survivors (7168K)
 Metaspace       used 13968K, capacity 14206K, committed 14464K, reserved 1062912K
  class space    used 1234K, capacity 1302K, committed 1408K, reserved 1048576K
}
Event: 0.875 GC heap before
{Heap before GC invocations=2 (full 0):
 garbage-first heap   total 262144K, used 52128K [0x00000000c0000000, 0x0000000100000000)
  region size 1024K, 33 young (33792K), 7 survivors (7168K)
 Metaspace       used 15378K, capacity 15653K, committed 15872K, reserved 1062912K
  class space    used 1363K, capacity 1422K, committed 1536K, reserved 1048576K
}
Event: 0.884 GC heap after
{Heap after GC invocations=3 (full 0):
 garbage-first heap   total 262144K, used 25986K [0x00000000c0000000, 0x0000000100000000)
  region size 1024K, 4 young (4096K), 4 survivors (4096K)
 Metaspace       used 15378K, capacity 15653K, committed 15872K, reserved 1062912K
  class space    used 1363K, capacity 1422K, committed 1536K, reserved 1048576K
}
Event: 0.918 GC heap before
{Heap before GC invocations=3 (full 0):
 garbage-first heap   total 262144K, used 34178K [0x00000000c0000000, 0x0000000100000000)
  region size 1024K, 12 young (12288K), 4 survivors (4096K)
 Metaspace       used 15443K, capacity 15724K, committed 16128K, reserved 1064960K
  class space    used 1366K, capacity 1424K, committed 1536K, reserved 1048576K
}
Event: 0.926 GC heap after
{Heap after GC invocations=4 (full 0):
 garbage-first heap   total 262144K, used 26624K [0x00000000c0000000, 0x0000000100000000)
  region size 1024K, 1 young (1024K), 1 survivors (1024K)
 Metaspace       used 15443K, capacity 15724K, committed 16128K, reserved 1064960K
  class space    used 1366K, capacity 1424K, committed 1536K, reserved 1048576K
}
Event: 0.988 GC heap before
{Heap before GC invocations=4 (full 0):
 garbage-first heap   total 262144K, used 84992K [0x00000000c0000000, 0x0000000100000000)
  region size 1024K, 58 young (59392K), 1 survivors (1024K)
 Metaspace       used 15490K, capacity 15788K, committed 16128K, reserved 1064960K
  class space    used 1367K, capacity 1424K, committed 1536K, reserved 1048576K
}
Event: 1.001 GC heap after
{Heap after GC invocations=5 (full 0):
 garbage-first heap   total 262144K, used 54098K [0x00000000c0000000, 0x0000000100000000)
  region size 1024K, 8 young (8192K), 8 survivors (8192K)
 Metaspace       used 15490K, capacity 15788K, committed 16128K, reserved 1064960K
  class space    used 1367K, capacity 1424K, committed 1536K, reserved 1048576K
}
Event: 1.516 GC heap before
{Heap before GC invocations=5 (full 0):
 garbage-first heap   total 262144K, used 116562K [0x00000000c0000000, 0x0000000100000000)
  region size 1024K, 70 young (71680K), 8 survivors (8192K)
 Metaspace       used 19486K, capacity 20255K, committed 20480K, reserved 1067008K
  class space    used 1761K, capacity 1957K, committed 2048K, reserved 1048576K
}
Event: 1.522 GC heap after
{Heap after GC invocations=6 (full 0):
 garbage-first heap   total 293888K, used 56732K [0x00000000c0000000, 0x0000000100000000)
  region size 1024K, 9 young (9216K), 9 survivors (9216K)
 Metaspace       used 19486K, capacity 20255K, committed 20480K, reserved 1067008K
  class space    used 1761K, capacity 1957K, committed 2048K, reserved 1048576K
}
Event: 1.785 GC heap before
{Heap before GC invocations=6 (full 0):
 garbage-first heap   total 293888K, used 102812K [0x00000000c0000000, 0x0000000100000000)
  region size 1024K, 50 young (51200K), 9 survivors (9216K)
 Metaspace       used 20420K, capacity 21165K, committed 21296K, reserved 1069056K
  class space    used 1837K, capacity 2124K, committed 2176K, reserved 1048576K
}
Event: 1.792 GC heap after
{Heap after GC invocations=7 (full 0):
 garbage-first heap   total 293888K, used 61074K [0x00000000c0000000, 0x0000000100000000)
  region size 1024K, 6 young (6144K), 6 survivors (6144K)
 Metaspace       used 20420K, capacity 21165K, committed 21296K, reserved 1069056K
  class space    used 1837K, capacity 2124K, committed 2176K, reserved 1048576K
}
Event: 5.709 GC heap before
{Heap before GC invocations=8 (full 0):
 garbage-first heap   total 293888K, used 74386K [0x00000000c0000000, 0x0000000100000000)
  region size 1024K, 47 young (48128K), 6 survivors (6144K)
 Metaspace       used 33569K, capacity 35819K, committed 35888K, reserved 1081344K
  class space    used 3376K, capacity 4170K, committed 4224K, reserved 1048576K
}
Event: 5.717 GC heap after
{Heap after GC invocations=9 (full 0):
 garbage-first heap   total 293888K, used 31958K [0x00000000c0000000, 0x0000000100000000)
  region size 1024K, 9 young (9216K), 9 survivors (9216K)
 Metaspace       used 33569K, capacity 35819K, committed 35888K, reserved 1081344K
  class space    used 3376K, capacity 4170K, committed 4224K, reserved 1048576K
}
Event: 7.003 GC heap before
{Heap before GC invocations=10 (full 0):
 garbage-first heap   total 293888K, used 149718K [0x00000000c0000000, 0x0000000100000000)
  region size 1024K, 113 young (115712K), 9 survivors (9216K)
 Metaspace       used 55710K, capacity 60305K, committed 60420K, reserved 1101824K
  class space    used 6169K, capacity 7734K, committed 7788K, reserved 1048576K
}
Event: 7.016 GC heap after
{Heap after GC invocations=11 (full 0):
 garbage-first heap   total 293888K, used 49490K [0x00000000c0000000, 0x0000000100000000)
  region size 1024K, 19 young (19456K), 19 survivors (19456K)
 Metaspace       used 55710K, capacity 60305K, committed 60420K, reserved 1101824K
  class space    used 6169K, capacity 7734K, committed 7788K, reserved 1048576K
}

